<?xml version="1.0" encoding="UTF-8"?>
<!-- Generated by org.testng.reporters.JUnitReportReporter -->
<testsuite hostname="Sekhar-PC" name="TestCases.TestCase1" tests="2" failures="0" timestamp="7 Nov 2019 03:22:47 GMT" time="31.952" errors="0">
  <testcase name="testcase1" time="20.264" classname="TestCases.TestCase1"/>
  <testcase name="testcase1" time="11.688" classname="TestCases.TestCase1"/>
</testsuite> <!-- TestCases.TestCase1 -->
