<?xml version="1.0" encoding="UTF-8"?>
<!-- Generated by org.testng.reporters.JUnitReportReporter -->
<testsuite hostname="Sekhar-PC" name="TestCases.TestCase2" tests="2" failures="0" timestamp="7 Nov 2019 03:22:47 GMT" time="24.157" errors="0">
  <testcase name="testcase2" time="13.562" classname="TestCases.TestCase2"/>
  <testcase name="testcase2" time="10.595" classname="TestCases.TestCase2"/>
</testsuite> <!-- TestCases.TestCase2 -->
