<?xml version="1.0" encoding="UTF-8"?>
<!-- Generated by org.testng.reporters.JUnitReportReporter -->
<testsuite hostname="Sekhar-PC" name="Base.TestCase1" tests="1" failures="0" timestamp="5 Nov 2019 15:30:51 GMT" time="0.038" errors="0">
  <testcase name="test" time="0.038" classname="Base.TestCase1"/>
</testsuite> <!-- Base.TestCase1 -->
