<?xml version="1.0" encoding="UTF-8"?>
<!-- Generated by org.testng.reporters.JUnitReportReporter -->
<testsuite hostname="Sekhar-PC" name="TestCases.TC1" tests="2" failures="0" timestamp="22 Nov 2019 07:06:58 GMT" time="58.303" errors="0">
  <testcase name="step1" time="23.979" classname="TestCases.TC1"/>
  <testcase name="step1" time="34.324" classname="TestCases.TC1"/>
</testsuite> <!-- TestCases.TC1 -->
