<?xml version="1.0" encoding="UTF-8"?>
<!-- Generated by org.testng.reporters.JUnitReportReporter -->
<testsuite hostname="Sekhar-PC" failures="0" tests="4" name="TestCases.TC2" time="75.191" errors="0" timestamp="04 Dec 2019 04:17:13 GMT" skipped="0">
  <testcase classname="TestCases.TC2" name="step1" time="18.314"/>
  <testcase classname="TestCases.TC2" name="step2" time="24.348"/>
  <testcase classname="TestCases.TC2" name="step2" time="15.999"/>
  <testcase classname="TestCases.TC2" name="step1" time="16.530"/>
</testsuite> <!-- TestCases.TC2 -->
