<?xml version="1.0" encoding="UTF-8"?>
<!-- Generated by org.testng.reporters.JUnitReportReporter -->
<testsuite hostname="Sekhar-PC" failures="0" tests="4" name="TestCases.TC1" time="82.978" errors="0" timestamp="04 Dec 2019 04:17:13 GMT" skipped="0">
  <testcase classname="TestCases.TC1" name="step2" time="22.078"/>
  <testcase classname="TestCases.TC1" name="step1" time="21.758"/>
  <testcase classname="TestCases.TC1" name="step1" time="20.261"/>
  <testcase classname="TestCases.TC1" name="step2" time="18.881"/>
</testsuite> <!-- TestCases.TC1 -->
