<?xml version="1.0" encoding="UTF-8"?>
<!-- Generated by org.testng.reporters.JUnitReportReporter -->
<testsuite hostname="Sekhar-PC" failures="0" tests="2" name="TestCases.TC1" time="43.354" errors="0" timestamp="04 Dec 2019 06:47:55 GMT" skipped="0">
  <testcase classname="TestCases.TC1" name="step1" time="21.286"/>
  <testcase classname="TestCases.TC1" name="step1" time="22.068"/>
</testsuite> <!-- TestCases.TC1 -->
