<?xml version="1.0" encoding="UTF-8"?>
<!-- Generated by org.testng.reporters.JUnitReportReporter -->
<testsuite hostname="Sekhar-PC" failures="0" tests="2" name="TestCases.TC1" time="67.734" errors="0" timestamp="03 Dec 2019 14:51:47 GMT" skipped="0">
  <testcase classname="TestCases.TC1" name="step1" time="25.273"/>
  <testcase classname="TestCases.TC1" name="step1" time="42.461"/>
</testsuite> <!-- TestCases.TC1 -->
